Arguments: 
  /Users/david/.nvm/versions/node/v20.2.0/bin/node /Users/david/.yarn/bin/yarn.js build

PATH: 
  /Users/david/.nvm/versions/node/v20.2.0/bin:/Users/david/google-cloud-sdk/bin:/opt/homebrew/opt/mongodb-community@5.0/bin:/opt/homebrew/opt/mongodb-community@5.0/bin:/opt/homebrew/opt/mongodb-community@5.0/bin:/Users/david/.yarn/bin:/Users/david/.config/yarn/global/node_modules/.bin:/Users/david/go/bin:/usr/local/go/bin:/opt/homebrew/opt/python@3.9/bin:/opt/homebrew/bin:/opt/homebrew/sbin:/usr/local/bin:/System/Cryptexes/App/usr/bin:/usr/bin:/bin:/usr/sbin:/sbin:/usr/local/go/bin:/Users/david/.nvm/versions/node/v20.2.0/bin:/Users/david/google-cloud-sdk/bin:/opt/homebrew/opt/mongodb-community@5.0/bin:/Users/david/.yarn/bin:/Users/david/.config/yarn/global/node_modules/.bin:/Users/david/go/bin:/opt/homebrew/opt/python@3.9/bin:/opt/homebrew/bin:/opt/homebrew/sbin

Yarn version: 
  1.22.19

Node version: 
  20.2.0

Platform: 
  darwin arm64

Trace: 
  Invariant Violation: Script must exist
      at invariant (/Users/david/.yarn/lib/cli.js:2318:15)
      at /Users/david/.yarn/lib/cli.js:61545:11
      at Generator.next (<anonymous>)
      at step (/Users/david/.yarn/lib/cli.js:310:30)
      at /Users/david/.yarn/lib/cli.js:328:14
      at new Promise (<anonymous>)
      at new F (/Users/david/.yarn/lib/cli.js:5305:28)
      at /Users/david/.yarn/lib/cli.js:307:12
      at realRunCommand (/Users/david/.yarn/lib/cli.js:61630:23)
      at action.action (/Users/david/.yarn/lib/cli.js:61691:16)

npm manifest: 
  {
    "name": "cicd-test",
    "version": "1.0.0",
    "description": "",
    "main": "index.js",
    "scripts": {
      "test": "echo \"Error: no test specified\" && exit 1",
      "build": ""
    },
    "author": "",
    "license": "ISC",
    "devDependencies": {}
  }

yarn manifest: 
  No manifest

Lockfile: 
  # THIS IS AN AUTOGENERATED FILE. DO NOT EDIT THIS FILE DIRECTLY.
  # yarn lockfile v1
